<?xml version="1.0" encoding="UTF-8"?>
<!-- Generated by org.testng.reporters.JUnitReportReporter -->
<testsuite hostname="Mohannads-MBP.askey.com" failures="0" tests="1" name="tests.CraterUserManagement" time="10.114" errors="0" timestamp="2022-12-29T01:55:24 MST" skipped="0">
  <testcase classname="tests.CraterUserManagement" name="validLogin" time="10.114"/>
  <system-out/>
</testsuite> <!-- tests.CraterUserManagement -->
