<?xml version="1.0" encoding="UTF-8"?>
<!-- Generated by org.testng.reporters.JUnitReportReporter -->
<testsuite hostname="Mohannads-MBP.askey.com" failures="0" tests="9" name="petStoreApiTests.PetStoreApiTests" time="5.420" errors="0" timestamp="2022-12-15T23:27:45 MST" skipped="0">
  <testcase classname="petStoreApiTests.PetStoreApiTests" name="invalidIdUpdateCat" time="0.472"/>
  <system-out/>
  <testcase classname="petStoreApiTests.PetStoreApiTests" name="postACat" time="0.478"/>
  <system-out/>
  <testcase classname="petStoreApiTests.PetStoreApiTests" name="chainValidation" time="1.566"/>
  <system-out/>
  <testcase classname="petStoreApiTests.PetStoreApiTests" name="createCatWithJsonFile" time="0.492"/>
  <system-out/>
  <testcase classname="petStoreApiTests.PetStoreApiTests" name="getById" time="0.522"/>
  <system-out/>
  <testcase classname="petStoreApiTests.PetStoreApiTests" name="findPetByStatus" time="0.465"/>
  <system-out/>
  <testcase classname="petStoreApiTests.PetStoreApiTests" name="postApet" time="0.499"/>
  <system-out/>
  <testcase classname="petStoreApiTests.PetStoreApiTests" name="getPetById" time="0.443"/>
  <system-out/>
  <testcase classname="petStoreApiTests.PetStoreApiTests" name="updatACat" time="0.483"/>
  <system-out/>
</testsuite> <!-- petStoreApiTests.PetStoreApiTests -->
