<?xml version="1.0" encoding="UTF-8"?>
<!-- Generated by org.testng.reporters.JUnitReportReporter -->
<testsuite hostname="Mohannads-MBP.askey.com" failures="0" tests="10" name="tests.AmazonSearchWithExcel" time="46.186" errors="0" timestamp="2022-12-30T00:52:48 MST" skipped="0">
  <testcase classname="tests.AmazonSearchWithExcel" name="AmazonSearchTest" time="4.443"/>
  <system-out/>
  <testcase classname="tests.AmazonSearchWithExcel" name="AmazonSearchTest" time="5.209"/>
  <system-out/>
  <testcase classname="tests.AmazonSearchWithExcel" name="AmazonSearchTest" time="5.212"/>
  <system-out/>
  <testcase classname="tests.AmazonSearchWithExcel" name="AmazonSearchTest" time="4.310"/>
  <system-out/>
  <testcase classname="tests.AmazonSearchWithExcel" name="AmazonSearchTest" time="4.502"/>
  <system-out/>
  <testcase classname="tests.AmazonSearchWithExcel" name="AmazonSearchTest" time="4.425"/>
  <system-out/>
  <testcase classname="tests.AmazonSearchWithExcel" name="AmazonSearchTest" time="4.720"/>
  <system-out/>
  <testcase classname="tests.AmazonSearchWithExcel" name="AmazonSearchTest" time="4.450"/>
  <system-out/>
  <testcase classname="tests.AmazonSearchWithExcel" name="AmazonSearchTest" time="4.510"/>
  <system-out/>
  <testcase classname="tests.AmazonSearchWithExcel" name="AmazonSearchTest" time="4.405"/>
  <system-out/>
</testsuite> <!-- tests.AmazonSearchWithExcel -->
