<?xml version="1.0" encoding="UTF-8"?>
<!-- Generated by org.testng.reporters.JUnitReportReporter -->
<testsuite hostname="Mohannads-MBP.askey.com" failures="0" tests="1" name="tests.CarterItemsTests" time="29.301" errors="0" timestamp="2022-12-29T01:57:04 MST" skipped="0">
  <testcase classname="tests.CarterItemsTests" name="createItem" time="29.301"/>
  <system-out/>
</testsuite> <!-- tests.CarterItemsTests -->
