<?xml version="1.0" encoding="UTF-8"?>
<!-- Generated by org.testng.reporters.JUnitReportReporter -->
<testsuite hostname="Mohannads-MBP.askey.com" failures="0" tests="4" name="tests.CraterUserManagement" time="36.459" errors="0" timestamp="2022-12-21T19:09:42 MST" skipped="0">
  <testcase classname="tests.CraterUserManagement" name="invalidLogin" time="8.100"/>
  <system-out/>
  <testcase classname="tests.CraterUserManagement" name="invalidLogin" time="9.055"/>
  <system-out/>
  <testcase classname="tests.CraterUserManagement" name="invalidLogin" time="11.311"/>
  <system-out/>
  <testcase classname="tests.CraterUserManagement" name="invalidLogin" time="7.993"/>
  <system-out/>
</testsuite> <!-- tests.CraterUserManagement -->
