<?xml version="1.0" encoding="UTF-8"?>
<!-- Generated by org.testng.reporters.JUnitReportReporter -->
<testsuite hostname="Mohannads-MBP.askey.com" failures="0" tests="1" name="tests.CarterItemsTests" time="21.050" errors="0" timestamp="2022-12-28T23:50:27 MST" skipped="0">
  <testcase classname="tests.CarterItemsTests" name="createItem" time="21.050"/>
  <system-out/>
</testsuite> <!-- tests.CarterItemsTests -->
