<?xml version="1.0" encoding="UTF-8"?>
<!-- Generated by org.testng.reporters.JUnitReportReporter -->
<testsuite hostname="Mohannads-MBP.askey.com" failures="0" tests="6" name="tests.AmazonSearch" time="31.942" errors="0" timestamp="2022-12-30T00:50:03 MST" skipped="0">
  <testcase classname="tests.AmazonSearch" name="AmazonSearchTest" time="4.520"/>
  <system-out/>
  <testcase classname="tests.AmazonSearch" name="AmazonSearchTest" time="5.613"/>
  <system-out/>
  <testcase classname="tests.AmazonSearch" name="AmazonSearchTest" time="4.627"/>
  <system-out/>
  <testcase classname="tests.AmazonSearch" name="AmazonSearchTest" time="7.740"/>
  <system-out/>
  <testcase classname="tests.AmazonSearch" name="AmazonSearchTest" time="4.800"/>
  <system-out/>
  <testcase classname="tests.AmazonSearch" name="AmazonSearchTest" time="4.642"/>
  <system-out/>
</testsuite> <!-- tests.AmazonSearch -->
