<?xml version="1.0" encoding="UTF-8"?>
<!-- Generated by org.testng.reporters.JUnitReportReporter -->
<testsuite hostname="Mohannads-MBP.askey.com" failures="0" tests="2" name="tests.SauceDemoLoginTests" time="3.978" errors="0" timestamp="2022-12-21T17:47:39 MST" skipped="0">
  <testcase classname="tests.SauceDemoLoginTests" name="credtialTest" time="0.376"/>
  <system-out/>
  <testcase classname="tests.SauceDemoLoginTests" name="credtialTest" time="3.602"/>
  <system-out/>
</testsuite> <!-- tests.SauceDemoLoginTests -->
