<?xml version="1.0" encoding="UTF-8"?>
<!-- Generated by org.testng.reporters.JUnitReportReporter -->
<testsuite hostname="Mohannads-MBP.askey.com" failures="0" tests="6" name="tests.AmazonSearch" time="42.648" errors="0" timestamp="2022-12-01T17:21:12 MST" skipped="0">
  <testcase classname="tests.AmazonSearch" name="AmazonSearchTest" time="7.980"/>
  <system-out/>
  <testcase classname="tests.AmazonSearch" name="AmazonSearchTest" time="7.061"/>
  <system-out/>
  <testcase classname="tests.AmazonSearch" name="AmazonSearchTest" time="7.033"/>
  <system-out/>
  <testcase classname="tests.AmazonSearch" name="AmazonSearchTest" time="6.737"/>
  <system-out/>
  <testcase classname="tests.AmazonSearch" name="AmazonSearchTest" time="6.629"/>
  <system-out/>
  <testcase classname="tests.AmazonSearch" name="AmazonSearchTest" time="7.208"/>
  <system-out/>
</testsuite> <!-- tests.AmazonSearch -->
