<?xml version="1.0" encoding="UTF-8"?>
<!-- Generated by org.testng.reporters.JUnitReportReporter -->
<testsuite hostname="Mohannads-MBP.askey.com" failures="0" tests="4" name="tests.SignupTests" time="18.518" errors="0" timestamp="2022-12-01T17:17:03 MST" skipped="0">
  <testcase classname="tests.SignupTests" name="signUpPage" time="7.426"/>
  <system-out/>
  <testcase classname="tests.SignupTests" name="test3" time="3.469"/>
  <system-out/>
  <testcase classname="tests.SignupTests" name="test2" time="4.125"/>
  <system-out/>
  <testcase classname="tests.SignupTests" name="test4" time="3.498"/>
  <system-out/>
</testsuite> <!-- tests.SignupTests -->
