<?xml version="1.0" encoding="UTF-8"?>
<!-- Generated by org.testng.reporters.JUnitReportReporter -->
<testsuite hostname="Mohannads-MBP.askey.com" failures="0" tests="2" name="tests.SauceDemoLoginTests" time="2.521" errors="0" timestamp="2022-12-01T17:17:03 MST" skipped="0">
  <testcase classname="tests.SauceDemoLoginTests" name="credtialTest" time="0.293"/>
  <system-out/>
  <testcase classname="tests.SauceDemoLoginTests" name="credtialTest" time="2.228"/>
  <system-out/>
</testsuite> <!-- tests.SauceDemoLoginTests -->
