<?xml version="1.0" encoding="UTF-8"?>
<!-- Generated by org.testng.reporters.JUnitReportReporter -->
<testsuite hostname="Mohannads-MacBook-Pro.local" failures="0" tests="2" name="tests.SauceDemoLoginTests" time="4.279" errors="0" timestamp="2022-12-26T20:52:04 MST" skipped="0">
  <testcase classname="tests.SauceDemoLoginTests" name="credtialTest" time="0.403"/>
  <system-out/>
  <testcase classname="tests.SauceDemoLoginTests" name="credtialTest" time="3.876"/>
  <system-out/>
</testsuite> <!-- tests.SauceDemoLoginTests -->
